{"level":"info","message":"Express Server - Server is operational: :: 8800","timestamp":"2016-03-08T20:43:51.167Z"}
{"level":"info","message":"MongoDb Server - Successfully connected to database!","timestamp":"2016-03-08T20:43:51.260Z"}
{"level":"info","message":"Login Collection - Index creation is successful for id!","timestamp":"2016-03-08T20:43:51.268Z"}
{"level":"info","message":"Master Collection - Index creation is successful for id!","timestamp":"2016-03-08T20:43:51.270Z"}
{"level":"info","message":"Login Collection - Index creation is successful for userName!","timestamp":"2016-03-08T20:43:51.271Z"}
{"level":"info","message":"Cloud - Successfully retrieved backup for UID 4b012e58-64b7-49dc-beb9-a967eb1da4c6","timestamp":"2016-03-08T20:44:14.489Z"}
{"level":"warn","message":"Master Collection - No such data pertaining to UID 4b012e58-64b7-49dc-beb9-a967eb1da4c6","timestamp":"2016-03-08T20:44:14.497Z"}
{"level":"warn","message":"GET /cards - Failed to retrieve user card details for UID 4b012e58-64b7-49dc-beb9-a967eb1da4c6: Data not found!","timestamp":"2016-03-08T20:44:14.498Z"}
{"level":"info","message":"POST /login - JSON received: {\n  \"userName\": \"soloreturns\",\n  \"password\": \"5653c6b1f51852a6351ec69c8452abc6\"\n}","timestamp":"2016-03-08T20:45:22.073Z"}
{"level":"info","message":"Login Collection - Login successful for username 'soloreturns'!","timestamp":"2016-03-08T20:45:22.076Z"}
{"level":"info","message":"Cloud - Succesfully uploaded 056462c2-7295-426d-9e35-69686d01d683-backup.json to backup.","timestamp":"2016-03-08T20:47:01.611Z"}
{"level":"info","message":"Cloud - Successfully retrieved backup for UID 056462c2-7295-426d-9e35-69686d01d683","timestamp":"2016-03-08T20:47:29.643Z"}
{"level":"info","message":"Master Collection - Card details retrieved successfully for UID 056462c2-7295-426d-9e35-69686d01d683!","timestamp":"2016-03-08T20:47:29.647Z"}
{"level":"warn","message":"Master Collection - No such data pertaining to UID 056462c2-7295-426d-9e35-62686d01d683","timestamp":"2016-03-08T20:47:29.662Z"}
{"level":"warn","message":"GET /cards - Unsuccessful retrieval of card details for UID 056462c2-7295-426d-9e35-62686d01d683 belonging to the card stack of UID 056462c2-7295-426d-9e35-69686d01d683!","timestamp":"2016-03-08T20:47:29.664Z"}
{"level":"info","message":"Cloud - C:\\Users\\Akshay\\Desktop\\CPRQ\\MAJOR PROJECT\\cardstax-node-server\\app\\interfaces/../downloads/056462c2-7295-426d-9e35-69686d01d683-company.jpeg written successfully!","timestamp":"2016-03-08T20:47:47.346Z"}
{"level":"info","message":"GET /cards - Successful retrieval of company logo for main UID 056462c2-7295-426d-9e35-69686d01d683!","timestamp":"2016-03-08T20:47:47.347Z"}
{"level":"info","message":"Cloud - C:\\Users\\Akshay\\Desktop\\CPRQ\\MAJOR PROJECT\\cardstax-node-server\\app\\interfaces/../downloads/056462c2-7295-426d-9e35-69686d01d683-profile.jpeg written successfully!","timestamp":"2016-03-08T20:48:23.306Z"}
{"level":"info","message":"GET /cards - Successful retrieval of profile picture for main UID 056462c2-7295-426d-9e35-69686d01d683!","timestamp":"2016-03-08T20:48:23.309Z"}
{"level":"info","message":"Cloud - Successfully retrieved backup for UID 056462c2-7295-426d-9e35-69686d01d683","timestamp":"2016-03-08T20:49:03.853Z"}
{"level":"info","message":"Master Collection - Card details retrieved successfully for UID 056462c2-7295-426d-9e35-69686d01d683!","timestamp":"2016-03-08T20:49:03.855Z"}
{"level":"warn","message":"Master Collection - No such data pertaining to UID 056462c2-7295-426d-9e35-62686d01d683","timestamp":"2016-03-08T20:49:03.865Z"}
{"level":"warn","message":"GET /cards - Unsuccessful retrieval of card details for UID 056462c2-7295-426d-9e35-62686d01d683 belonging to the card stack of UID 056462c2-7295-426d-9e35-69686d01d683!","timestamp":"2016-03-08T20:49:03.866Z"}
{"level":"info","message":"Cloud - C:\\Users\\Akshay\\Desktop\\CPRQ\\MAJOR PROJECT\\cardstax-node-server\\app\\interfaces/../downloads/056462c2-7295-426d-9e35-69686d01d683-company.jpeg written successfully!","timestamp":"2016-03-08T20:49:39.452Z"}
{"level":"info","message":"GET /cards - Successful retrieval of company logo for main UID 056462c2-7295-426d-9e35-69686d01d683!","timestamp":"2016-03-08T20:49:39.454Z"}
{"level":"info","message":"Express Server - Server is operational: :: 8800","timestamp":"2016-03-08T20:54:15.572Z"}
{"level":"info","message":"MongoDb Server - Successfully connected to database!","timestamp":"2016-03-08T20:54:15.611Z"}
{"level":"info","message":"Login Collection - Index creation is successful for id!","timestamp":"2016-03-08T20:54:15.620Z"}
{"level":"info","message":"Master Collection - Index creation is successful for id!","timestamp":"2016-03-08T20:54:15.621Z"}
{"level":"info","message":"Login Collection - Index creation is successful for userName!","timestamp":"2016-03-08T20:54:15.622Z"}
{"level":"info","message":"Cloud - Successfully retrieved backup for UID 056462c2-7295-426d-9e35-69686d01d683","timestamp":"2016-03-08T20:54:25.507Z"}
{"level":"info","message":"Master Collection - Card details retrieved successfully for UID 056462c2-7295-426d-9e35-69686d01d683!","timestamp":"2016-03-08T20:54:25.521Z"}
{"level":"warn","message":"Master Collection - No such data pertaining to UID 056462c2-7295-426d-9e35-62686d01d683","timestamp":"2016-03-08T20:54:25.545Z"}
{"level":"warn","message":"GET /cards - Unsuccessful retrieval of card details for UID 056462c2-7295-426d-9e35-62686d01d683 belonging to the card stack of UID 056462c2-7295-426d-9e35-69686d01d683!","timestamp":"2016-03-08T20:54:25.547Z"}
{"level":"info","message":"Cloud - C:\\Users\\Akshay\\Desktop\\CPRQ\\MAJOR PROJECT\\cardstax-node-server\\app\\interfaces/../downloads/056462c2-7295-426d-9e35-69686d01d683-company.jpeg written successfully!","timestamp":"2016-03-08T20:54:41.094Z"}
{"level":"info","message":"GET /cards - Successful retrieval of company logo for main UID 056462c2-7295-426d-9e35-69686d01d683!","timestamp":"2016-03-08T20:54:41.096Z"}
{"level":"info","message":"Cloud - C:\\Users\\Akshay\\Desktop\\CPRQ\\MAJOR PROJECT\\cardstax-node-server\\app\\interfaces/../downloads/056462c2-7295-426d-9e35-69686d01d683-profile.jpeg written successfully!","timestamp":"2016-03-08T20:54:53.888Z"}
{"level":"info","message":"GET /cards - Successful retrieval of profile picture for main UID 056462c2-7295-426d-9e35-69686d01d683!","timestamp":"2016-03-08T20:54:53.889Z"}
{"date":"Wed Mar 09 2016 02:26:11 GMT+0530 (India Standard Time)","process":{"pid":2052,"uid":null,"gid":null,"cwd":"C:\\Users\\Akshay\\Desktop\\CPRQ\\MAJOR PROJECT\\cardstax-node-server","execPath":"C:\\Program Files\\nodejs\\node.exe","version":"v4.1.0","argv":["C:\\Program Files\\nodejs\\node.exe","C:\\Users\\Akshay\\Desktop\\CPRQ\\MAJOR PROJECT\\cardstax-node-server\\main.js"],"memoryUsage":{"rss":32583680,"heapTotal":28870144,"heapUsed":13399488}},"os":{"loadavg":[0,0,0],"uptime":24235.5484213},"trace":[{"column":16,"file":"vm.js","function":"exports.runInThisContext","line":53,"method":"runInThisContext","native":false},{"column":25,"file":"module.js","function":"Module._compile","line":413,"method":"_compile","native":false},{"column":10,"file":"module.js","function":"Object.Module._extensions..js","line":452,"method":"Module._extensions..js","native":false},{"column":32,"file":"module.js","function":"Module.load","line":355,"method":"load","native":false},{"column":12,"file":"module.js","function":"Function.Module._load","line":310,"method":"Module._load","native":false},{"column":17,"file":"module.js","function":"Module.require","line":365,"method":"require","native":false},{"column":17,"file":"module.js","function":"require","line":384,"method":null,"native":false},{"column":21,"file":"PROJECT\\cardstax-node-server\\app\\routes\\index.js","function":"Object.<anonymous> (C:\\Users\\Akshay\\Desktop\\CPRQ\\MAJOR","line":13,"method":"<anonymous> (C:\\Users\\Akshay\\Desktop\\CPRQ\\MAJOR","native":false},{"column":26,"file":"module.js","function":"Module._compile","line":434,"method":"_compile","native":false},{"column":10,"file":"module.js","function":"Object.Module._extensions..js","line":452,"method":"Module._extensions..js","native":false}],"stack":["SyntaxError: missing ) after argument list","    at exports.runInThisContext (vm.js:53:16)","    at Module._compile (module.js:413:25)","    at Object.Module._extensions..js (module.js:452:10)","    at Module.load (module.js:355:32)","    at Function.Module._load (module.js:310:12)","    at Module.require (module.js:365:17)","    at require (module.js:384:17)","    at Object.<anonymous> (C:\\Users\\Akshay\\Desktop\\CPRQ\\MAJOR PROJECT\\cardstax-node-server\\app\\routes\\index.js:13:21)","    at Module._compile (module.js:434:26)","    at Object.Module._extensions..js (module.js:452:10)"],"level":"error","message":"uncaughtException: missing ) after argument list","timestamp":"2016-03-08T20:56:11.050Z"}
{"level":"info","message":"Express Server - Server is operational: :: 8800","timestamp":"2016-03-08T20:56:48.345Z"}
{"level":"info","message":"MongoDb Server - Successfully connected to database!","timestamp":"2016-03-08T20:56:48.382Z"}
{"level":"info","message":"Login Collection - Index creation is successful for id!","timestamp":"2016-03-08T20:56:48.390Z"}
{"level":"info","message":"Master Collection - Index creation is successful for id!","timestamp":"2016-03-08T20:56:48.392Z"}
{"level":"info","message":"Login Collection - Index creation is successful for userName!","timestamp":"2016-03-08T20:56:48.393Z"}
{"date":"Wed Mar 09 2016 02:28:15 GMT+0530 (India Standard Time)","process":{"pid":5740,"uid":null,"gid":null,"cwd":"C:\\Users\\Akshay\\Desktop\\CPRQ\\MAJOR PROJECT\\cardstax-node-server","execPath":"C:\\Program Files\\nodejs\\node.exe","version":"v4.1.0","argv":["C:\\Program Files\\nodejs\\node.exe","C:\\Users\\Akshay\\Desktop\\CPRQ\\MAJOR PROJECT\\cardstax-node-server\\main.js"],"memoryUsage":{"rss":32907264,"heapTotal":28870144,"heapUsed":13406504}},"os":{"loadavg":[0,0,0],"uptime":24359.6191025},"trace":[{"column":16,"file":"vm.js","function":"exports.runInThisContext","line":53,"method":"runInThisContext","native":false},{"column":25,"file":"module.js","function":"Module._compile","line":413,"method":"_compile","native":false},{"column":10,"file":"module.js","function":"Object.Module._extensions..js","line":452,"method":"Module._extensions..js","native":false},{"column":32,"file":"module.js","function":"Module.load","line":355,"method":"load","native":false},{"column":12,"file":"module.js","function":"Function.Module._load","line":310,"method":"Module._load","native":false},{"column":17,"file":"module.js","function":"Module.require","line":365,"method":"require","native":false},{"column":17,"file":"module.js","function":"require","line":384,"method":null,"native":false},{"column":21,"file":"PROJECT\\cardstax-node-server\\app\\routes\\index.js","function":"Object.<anonymous> (C:\\Users\\Akshay\\Desktop\\CPRQ\\MAJOR","line":13,"method":"<anonymous> (C:\\Users\\Akshay\\Desktop\\CPRQ\\MAJOR","native":false},{"column":26,"file":"module.js","function":"Module._compile","line":434,"method":"_compile","native":false},{"column":10,"file":"module.js","function":"Object.Module._extensions..js","line":452,"method":"Module._extensions..js","native":false}],"stack":["SyntaxError: missing ) after argument list","    at exports.runInThisContext (vm.js:53:16)","    at Module._compile (module.js:413:25)","    at Object.Module._extensions..js (module.js:452:10)","    at Module.load (module.js:355:32)","    at Function.Module._load (module.js:310:12)","    at Module.require (module.js:365:17)","    at require (module.js:384:17)","    at Object.<anonymous> (C:\\Users\\Akshay\\Desktop\\CPRQ\\MAJOR PROJECT\\cardstax-node-server\\app\\routes\\index.js:13:21)","    at Module._compile (module.js:434:26)","    at Object.Module._extensions..js (module.js:452:10)"],"level":"error","message":"uncaughtException: missing ) after argument list","timestamp":"2016-03-08T20:58:15.121Z"}
{"date":"Wed Mar 09 2016 02:28:33 GMT+0530 (India Standard Time)","process":{"pid":3852,"uid":null,"gid":null,"cwd":"C:\\Users\\Akshay\\Desktop\\CPRQ\\MAJOR PROJECT\\cardstax-node-server","execPath":"C:\\Program Files\\nodejs\\node.exe","version":"v4.1.0","argv":["C:\\Program Files\\nodejs\\node.exe","C:\\Users\\Akshay\\Desktop\\CPRQ\\MAJOR PROJECT\\cardstax-node-server\\main.js"],"memoryUsage":{"rss":32669696,"heapTotal":28870144,"heapUsed":13398576}},"os":{"loadavg":[0,0,0],"uptime":24378.0991786},"trace":[{"column":16,"file":"vm.js","function":"exports.runInThisContext","line":53,"method":"runInThisContext","native":false},{"column":25,"file":"module.js","function":"Module._compile","line":413,"method":"_compile","native":false},{"column":10,"file":"module.js","function":"Object.Module._extensions..js","line":452,"method":"Module._extensions..js","native":false},{"column":32,"file":"module.js","function":"Module.load","line":355,"method":"load","native":false},{"column":12,"file":"module.js","function":"Function.Module._load","line":310,"method":"Module._load","native":false},{"column":17,"file":"module.js","function":"Module.require","line":365,"method":"require","native":false},{"column":17,"file":"module.js","function":"require","line":384,"method":null,"native":false},{"column":21,"file":"PROJECT\\cardstax-node-server\\app\\routes\\index.js","function":"Object.<anonymous> (C:\\Users\\Akshay\\Desktop\\CPRQ\\MAJOR","line":13,"method":"<anonymous> (C:\\Users\\Akshay\\Desktop\\CPRQ\\MAJOR","native":false},{"column":26,"file":"module.js","function":"Module._compile","line":434,"method":"_compile","native":false},{"column":10,"file":"module.js","function":"Object.Module._extensions..js","line":452,"method":"Module._extensions..js","native":false}],"stack":["SyntaxError: missing ) after argument list","    at exports.runInThisContext (vm.js:53:16)","    at Module._compile (module.js:413:25)","    at Object.Module._extensions..js (module.js:452:10)","    at Module.load (module.js:355:32)","    at Function.Module._load (module.js:310:12)","    at Module.require (module.js:365:17)","    at require (module.js:384:17)","    at Object.<anonymous> (C:\\Users\\Akshay\\Desktop\\CPRQ\\MAJOR PROJECT\\cardstax-node-server\\app\\routes\\index.js:13:21)","    at Module._compile (module.js:434:26)","    at Object.Module._extensions..js (module.js:452:10)"],"level":"error","message":"uncaughtException: missing ) after argument list","timestamp":"2016-03-08T20:58:33.600Z"}
{"level":"info","message":"Express Server - Server is operational: :: 8800","timestamp":"2016-03-08T20:59:06.395Z"}
{"level":"info","message":"MongoDb Server - Successfully connected to database!","timestamp":"2016-03-08T20:59:06.447Z"}
{"level":"info","message":"Login Collection - Index creation is successful for id!","timestamp":"2016-03-08T20:59:06.454Z"}
{"level":"info","message":"Master Collection - Index creation is successful for id!","timestamp":"2016-03-08T20:59:06.456Z"}
{"level":"info","message":"Login Collection - Index creation is successful for userName!","timestamp":"2016-03-08T20:59:06.458Z"}
{"level":"info","message":"Cloud - Successfully retrieved backup for UID 056462c2-7295-426d-9e35-69686d01d683","timestamp":"2016-03-08T20:59:13.245Z"}
{"level":"info","message":"Master Collection - Card details retrieved successfully for UID 056462c2-7295-426d-9e35-69686d01d683!","timestamp":"2016-03-08T20:59:13.258Z"}
{"level":"warn","message":"Master Collection - No such data pertaining to UID 056462c2-7295-426d-9e35-62686d01d683","timestamp":"2016-03-08T20:59:13.273Z"}
{"level":"warn","message":"GET /cards - Unsuccessful retrieval of card details for UID 056462c2-7295-426d-9e35-62686d01d683 belonging to the card stack of UID 056462c2-7295-426d-9e35-69686d01d683!","timestamp":"2016-03-08T20:59:13.274Z"}
{"date":"Wed Mar 09 2016 02:29:13 GMT+0530 (India Standard Time)","process":{"pid":7496,"uid":null,"gid":null,"cwd":"C:\\Users\\Akshay\\Desktop\\CPRQ\\MAJOR PROJECT\\cardstax-node-server","execPath":"C:\\Program Files\\nodejs\\node.exe","version":"v4.1.0","argv":["C:\\Program Files\\nodejs\\node.exe","C:\\Users\\Akshay\\Desktop\\CPRQ\\MAJOR PROJECT\\cardstax-node-server\\main.js"],"memoryUsage":{"rss":52289536,"heapTotal":37101568,"heapUsed":21445408}},"os":{"loadavg":[0,0,0],"uptime":24417.8133094},"trace":[{"column":null,"file":null,"function":"Object.parse","line":null,"method":"parse","native":true},{"column":44,"file":"PROJECT\\cardstax-node-server\\app\\routes\\secured_access.js","function":"C:\\Users\\Akshay\\Desktop\\CPRQ\\MAJOR","line":392,"method":null,"native":false},{"column":11,"file":"PROJECT\\cardstax-node-server\\app\\interfaces\\mongodb_cards_interface.js","function":"C:\\Users\\Akshay\\Desktop\\CPRQ\\MAJOR","line":51,"method":null,"native":false},{"column":12,"file":"PROJECT\\cardstax-node-server\\node_modules\\mongodb\\lib\\utils.js","function":"handleCallback (C:\\Users\\Akshay\\Desktop\\CPRQ\\MAJOR","line":96,"method":null,"native":false},{"column":5,"file":"PROJECT\\cardstax-node-server\\node_modules\\mongodb\\lib\\collection.js","function":"C:\\Users\\Akshay\\Desktop\\CPRQ\\MAJOR","line":1335,"method":null,"native":false},{"column":12,"file":"PROJECT\\cardstax-node-server\\node_modules\\mongodb\\lib\\utils.js","function":"handleCallback (C:\\Users\\Akshay\\Desktop\\CPRQ\\MAJOR","line":96,"method":null,"native":false},{"column":5,"file":"PROJECT\\cardstax-node-server\\node_modules\\mongodb\\lib\\cursor.js","function":"C:\\Users\\Akshay\\Desktop\\CPRQ\\MAJOR","line":673,"method":null,"native":false},{"column":5,"file":"PROJECT\\cardstax-node-server\\node_modules\\mongodb\\node_modules\\mongodb-core\\lib\\cursor.js","function":"handleCallback (C:\\Users\\Akshay\\Desktop\\CPRQ\\MAJOR","line":244,"method":null,"native":false},{"column":3,"file":"PROJECT\\cardstax-node-server\\node_modules\\mongodb\\node_modules\\mongodb-core\\lib\\cursor.js","function":"setCursorNotified (C:\\Users\\Akshay\\Desktop\\CPRQ\\MAJOR","line":563,"method":null,"native":false},{"column":16,"file":"PROJECT\\cardstax-node-server\\node_modules\\mongodb\\node_modules\\mongodb-core\\lib\\cursor.js","function":"C:\\Users\\Akshay\\Desktop\\CPRQ\\MAJOR","line":673,"method":null,"native":false}],"stack":["SyntaxError: Unexpected token o","    at Object.parse (native)","    at C:\\Users\\Akshay\\Desktop\\CPRQ\\MAJOR PROJECT\\cardstax-node-server\\app\\routes\\secured_access.js:392:44","    at C:\\Users\\Akshay\\Desktop\\CPRQ\\MAJOR PROJECT\\cardstax-node-server\\app\\interfaces\\mongodb_cards_interface.js:51:11","    at handleCallback (C:\\Users\\Akshay\\Desktop\\CPRQ\\MAJOR PROJECT\\cardstax-node-server\\node_modules\\mongodb\\lib\\utils.js:96:12)","    at C:\\Users\\Akshay\\Desktop\\CPRQ\\MAJOR PROJECT\\cardstax-node-server\\node_modules\\mongodb\\lib\\collection.js:1335:5","    at handleCallback (C:\\Users\\Akshay\\Desktop\\CPRQ\\MAJOR PROJECT\\cardstax-node-server\\node_modules\\mongodb\\lib\\utils.js:96:12)","    at C:\\Users\\Akshay\\Desktop\\CPRQ\\MAJOR PROJECT\\cardstax-node-server\\node_modules\\mongodb\\lib\\cursor.js:673:5","    at handleCallback (C:\\Users\\Akshay\\Desktop\\CPRQ\\MAJOR PROJECT\\cardstax-node-server\\node_modules\\mongodb\\node_modules\\mongodb-core\\lib\\cursor.js:244:5)","    at setCursorNotified (C:\\Users\\Akshay\\Desktop\\CPRQ\\MAJOR PROJECT\\cardstax-node-server\\node_modules\\mongodb\\node_modules\\mongodb-core\\lib\\cursor.js:563:3)","    at C:\\Users\\Akshay\\Desktop\\CPRQ\\MAJOR PROJECT\\cardstax-node-server\\node_modules\\mongodb\\node_modules\\mongodb-core\\lib\\cursor.js:673:16"],"level":"error","message":"uncaughtException: Unexpected token o","timestamp":"2016-03-08T20:59:13.315Z"}
{"level":"info","message":"Express Server - Server is operational: :: 8800","timestamp":"2016-03-08T20:59:33.855Z"}
{"level":"info","message":"MongoDb Server - Successfully connected to database!","timestamp":"2016-03-08T20:59:33.894Z"}
{"level":"info","message":"Login Collection - Index creation is successful for id!","timestamp":"2016-03-08T20:59:33.901Z"}
{"level":"info","message":"Master Collection - Index creation is successful for id!","timestamp":"2016-03-08T20:59:33.902Z"}
{"level":"info","message":"Login Collection - Index creation is successful for userName!","timestamp":"2016-03-08T20:59:33.903Z"}
{"level":"info","message":"Cloud - Successfully retrieved backup for UID 056462c2-7295-426d-9e35-69686d01d683","timestamp":"2016-03-08T20:59:37.357Z"}
{"level":"info","message":"Master Collection - Card details retrieved successfully for UID 056462c2-7295-426d-9e35-69686d01d683!","timestamp":"2016-03-08T20:59:37.373Z"}
{"level":"warn","message":"Master Collection - No such data pertaining to UID 056462c2-7295-426d-9e35-62686d01d683","timestamp":"2016-03-08T20:59:37.387Z"}
{"level":"warn","message":"GET /cards - Unsuccessful retrieval of card details for UID 056462c2-7295-426d-9e35-62686d01d683 belonging to the card stack of UID 056462c2-7295-426d-9e35-69686d01d683!","timestamp":"2016-03-08T20:59:37.388Z"}
{"date":"Wed Mar 09 2016 02:29:37 GMT+0530 (India Standard Time)","process":{"pid":11732,"uid":null,"gid":null,"cwd":"C:\\Users\\Akshay\\Desktop\\CPRQ\\MAJOR PROJECT\\cardstax-node-server","execPath":"C:\\Program Files\\nodejs\\node.exe","version":"v4.1.0","argv":["C:\\Program Files\\nodejs\\node.exe","C:\\Users\\Akshay\\Desktop\\CPRQ\\MAJOR PROJECT\\cardstax-node-server\\main.js"],"memoryUsage":{"rss":52686848,"heapTotal":37101568,"heapUsed":21183104}},"os":{"loadavg":[0,0,0],"uptime":24441.9268928},"trace":[{"column":null,"file":null,"function":"Object.parse","line":null,"method":"parse","native":true},{"column":44,"file":"PROJECT\\cardstax-node-server\\app\\routes\\secured_access.js","function":"C:\\Users\\Akshay\\Desktop\\CPRQ\\MAJOR","line":392,"method":null,"native":false},{"column":11,"file":"PROJECT\\cardstax-node-server\\app\\interfaces\\mongodb_cards_interface.js","function":"C:\\Users\\Akshay\\Desktop\\CPRQ\\MAJOR","line":51,"method":null,"native":false},{"column":12,"file":"PROJECT\\cardstax-node-server\\node_modules\\mongodb\\lib\\utils.js","function":"handleCallback (C:\\Users\\Akshay\\Desktop\\CPRQ\\MAJOR","line":96,"method":null,"native":false},{"column":5,"file":"PROJECT\\cardstax-node-server\\node_modules\\mongodb\\lib\\collection.js","function":"C:\\Users\\Akshay\\Desktop\\CPRQ\\MAJOR","line":1335,"method":null,"native":false},{"column":12,"file":"PROJECT\\cardstax-node-server\\node_modules\\mongodb\\lib\\utils.js","function":"handleCallback (C:\\Users\\Akshay\\Desktop\\CPRQ\\MAJOR","line":96,"method":null,"native":false},{"column":5,"file":"PROJECT\\cardstax-node-server\\node_modules\\mongodb\\lib\\cursor.js","function":"C:\\Users\\Akshay\\Desktop\\CPRQ\\MAJOR","line":673,"method":null,"native":false},{"column":5,"file":"PROJECT\\cardstax-node-server\\node_modules\\mongodb\\node_modules\\mongodb-core\\lib\\cursor.js","function":"handleCallback (C:\\Users\\Akshay\\Desktop\\CPRQ\\MAJOR","line":244,"method":null,"native":false},{"column":3,"file":"PROJECT\\cardstax-node-server\\node_modules\\mongodb\\node_modules\\mongodb-core\\lib\\cursor.js","function":"setCursorNotified (C:\\Users\\Akshay\\Desktop\\CPRQ\\MAJOR","line":563,"method":null,"native":false},{"column":16,"file":"PROJECT\\cardstax-node-server\\node_modules\\mongodb\\node_modules\\mongodb-core\\lib\\cursor.js","function":"C:\\Users\\Akshay\\Desktop\\CPRQ\\MAJOR","line":673,"method":null,"native":false}],"stack":["SyntaxError: Unexpected token o","    at Object.parse (native)","    at C:\\Users\\Akshay\\Desktop\\CPRQ\\MAJOR PROJECT\\cardstax-node-server\\app\\routes\\secured_access.js:392:44","    at C:\\Users\\Akshay\\Desktop\\CPRQ\\MAJOR PROJECT\\cardstax-node-server\\app\\interfaces\\mongodb_cards_interface.js:51:11","    at handleCallback (C:\\Users\\Akshay\\Desktop\\CPRQ\\MAJOR PROJECT\\cardstax-node-server\\node_modules\\mongodb\\lib\\utils.js:96:12)","    at C:\\Users\\Akshay\\Desktop\\CPRQ\\MAJOR PROJECT\\cardstax-node-server\\node_modules\\mongodb\\lib\\collection.js:1335:5","    at handleCallback (C:\\Users\\Akshay\\Desktop\\CPRQ\\MAJOR PROJECT\\cardstax-node-server\\node_modules\\mongodb\\lib\\utils.js:96:12)","    at C:\\Users\\Akshay\\Desktop\\CPRQ\\MAJOR PROJECT\\cardstax-node-server\\node_modules\\mongodb\\lib\\cursor.js:673:5","    at handleCallback (C:\\Users\\Akshay\\Desktop\\CPRQ\\MAJOR PROJECT\\cardstax-node-server\\node_modules\\mongodb\\node_modules\\mongodb-core\\lib\\cursor.js:244:5)","    at setCursorNotified (C:\\Users\\Akshay\\Desktop\\CPRQ\\MAJOR PROJECT\\cardstax-node-server\\node_modules\\mongodb\\node_modules\\mongodb-core\\lib\\cursor.js:563:3)","    at C:\\Users\\Akshay\\Desktop\\CPRQ\\MAJOR PROJECT\\cardstax-node-server\\node_modules\\mongodb\\node_modules\\mongodb-core\\lib\\cursor.js:673:16"],"level":"error","message":"uncaughtException: Unexpected token o","timestamp":"2016-03-08T20:59:37.430Z"}
{"level":"info","message":"Cloud - C:\\Users\\Akshay\\Desktop\\CPRQ\\MAJOR PROJECT\\cardstax-node-server\\app\\interfaces/../downloads/056462c2-7295-426d-9e35-69686d01d683-company.jpeg written successfully!","timestamp":"2016-03-08T20:59:51.514Z"}
{"level":"info","message":"GET /cards - Successful retrieval of company logo for main UID 056462c2-7295-426d-9e35-69686d01d683!","timestamp":"2016-03-08T20:59:51.517Z"}
{"level":"info","message":"Express Server - Server is operational: :: 8800","timestamp":"2016-03-08T21:00:07.803Z"}
{"level":"info","message":"MongoDb Server - Successfully connected to database!","timestamp":"2016-03-08T21:00:07.842Z"}
{"level":"info","message":"Login Collection - Index creation is successful for id!","timestamp":"2016-03-08T21:00:07.849Z"}
{"level":"info","message":"Master Collection - Index creation is successful for id!","timestamp":"2016-03-08T21:00:07.850Z"}
{"level":"info","message":"Login Collection - Index creation is successful for userName!","timestamp":"2016-03-08T21:00:07.851Z"}
{"level":"info","message":"Express Server - Server is operational: :: 8800","timestamp":"2016-03-08T21:00:57.843Z"}
{"level":"info","message":"MongoDb Server - Successfully connected to database!","timestamp":"2016-03-08T21:00:57.884Z"}
{"level":"info","message":"Login Collection - Index creation is successful for id!","timestamp":"2016-03-08T21:00:57.891Z"}
{"level":"info","message":"Master Collection - Index creation is successful for id!","timestamp":"2016-03-08T21:00:57.892Z"}
{"level":"info","message":"Login Collection - Index creation is successful for userName!","timestamp":"2016-03-08T21:00:57.893Z"}
{"level":"info","message":"Cloud - Successfully retrieved backup for UID 056462c2-7295-426d-9e35-69686d01d683","timestamp":"2016-03-08T21:01:08.043Z"}
{"level":"info","message":"Master Collection - Card details retrieved successfully for UID 056462c2-7295-426d-9e35-69686d01d683!","timestamp":"2016-03-08T21:01:08.052Z"}
{"level":"warn","message":"Master Collection - No such data pertaining to UID 056462c2-7295-426d-9e35-62686d01d683","timestamp":"2016-03-08T21:01:08.067Z"}
{"level":"warn","message":"GET /cards - Unsuccessful retrieval of card details for UID 056462c2-7295-426d-9e35-62686d01d683 belonging to the card stack of UID 056462c2-7295-426d-9e35-69686d01d683!","timestamp":"2016-03-08T21:01:08.068Z"}
{"level":"info","message":"Cloud - C:\\Users\\Akshay\\Desktop\\CPRQ\\MAJOR PROJECT\\cardstax-node-server\\app\\interfaces/../downloads/056462c2-7295-426d-9e35-69686d01d683-company.jpeg written successfully!","timestamp":"2016-03-08T21:01:20.502Z"}
{"level":"info","message":"GET /cards - Successful retrieval of company logo for main UID 056462c2-7295-426d-9e35-69686d01d683!","timestamp":"2016-03-08T21:01:20.504Z"}
{"level":"info","message":"Cloud - C:\\Users\\Akshay\\Desktop\\CPRQ\\MAJOR PROJECT\\cardstax-node-server\\app\\interfaces/../downloads/056462c2-7295-426d-9e35-69686d01d683-profile.jpeg written successfully!","timestamp":"2016-03-08T21:01:54.645Z"}
{"level":"info","message":"GET /cards - Successful retrieval of profile picture for main UID 056462c2-7295-426d-9e35-69686d01d683!","timestamp":"2016-03-08T21:01:54.647Z"}
{"level":"info","message":"Express Server - Server is operational: :: 8800","timestamp":"2016-03-08T21:02:02.450Z"}
{"level":"info","message":"MongoDb Server - Successfully connected to database!","timestamp":"2016-03-08T21:02:02.498Z"}
{"level":"info","message":"Login Collection - Index creation is successful for id!","timestamp":"2016-03-08T21:02:02.507Z"}
{"level":"info","message":"Master Collection - Index creation is successful for id!","timestamp":"2016-03-08T21:02:02.508Z"}
{"level":"info","message":"Login Collection - Index creation is successful for userName!","timestamp":"2016-03-08T21:02:02.509Z"}
{"level":"info","message":"Cloud - Successfully retrieved backup for UID 056462c2-7295-426d-9e35-69686d01d683","timestamp":"2016-03-08T21:02:20.022Z"}
{"level":"info","message":"Master Collection - Card details retrieved successfully for UID 056462c2-7295-426d-9e35-69686d01d683!","timestamp":"2016-03-08T21:02:20.026Z"}
{"level":"warn","message":"Master Collection - No such data pertaining to UID 056462c2-7295-426d-9e35-62686d01d683","timestamp":"2016-03-08T21:02:20.035Z"}
{"level":"warn","message":"GET /cards - Unsuccessful retrieval of card details for UID 056462c2-7295-426d-9e35-62686d01d683 belonging to the card stack of UID 056462c2-7295-426d-9e35-69686d01d683!","timestamp":"2016-03-08T21:02:20.035Z"}
{"level":"info","message":"Cloud - C:\\Users\\Akshay\\Desktop\\CPRQ\\MAJOR PROJECT\\cardstax-node-server\\app\\interfaces/../downloads/056462c2-7295-426d-9e35-69686d01d683-company.jpeg written successfully!","timestamp":"2016-03-08T21:02:31.584Z"}
{"level":"info","message":"GET /cards - Successful retrieval of company logo for main UID 056462c2-7295-426d-9e35-69686d01d683!","timestamp":"2016-03-08T21:02:31.584Z"}
{"level":"info","message":"Cloud - C:\\Users\\Akshay\\Desktop\\CPRQ\\MAJOR PROJECT\\cardstax-node-server\\app\\interfaces/../downloads/056462c2-7295-426d-9e35-69686d01d683-profile.jpeg written successfully!","timestamp":"2016-03-08T21:02:58.391Z"}
{"level":"info","message":"GET /cards - Successful retrieval of profile picture for main UID 056462c2-7295-426d-9e35-69686d01d683!","timestamp":"2016-03-08T21:02:58.391Z"}
{"level":"info","message":"Express Server - Server is operational: :: 8800","timestamp":"2016-03-08T21:04:35.237Z"}
{"level":"info","message":"MongoDb Server - Successfully connected to database!","timestamp":"2016-03-08T21:04:35.276Z"}
{"level":"info","message":"Login Collection - Index creation is successful for id!","timestamp":"2016-03-08T21:04:35.284Z"}
{"level":"info","message":"Master Collection - Index creation is successful for id!","timestamp":"2016-03-08T21:04:35.285Z"}
{"level":"info","message":"Login Collection - Index creation is successful for userName!","timestamp":"2016-03-08T21:04:35.286Z"}
{"level":"info","message":"Cloud - Successfully retrieved backup for UID 056462c2-7295-426d-9e35-69686d01d683","timestamp":"2016-03-08T21:04:44.131Z"}
{"level":"info","message":"Master Collection - Card details retrieved successfully for UID 056462c2-7295-426d-9e35-69686d01d683!","timestamp":"2016-03-08T21:04:44.134Z"}
{"level":"warn","message":"Master Collection - No such data pertaining to UID 056462c2-7295-426d-9e35-62686d01d683","timestamp":"2016-03-08T21:04:44.144Z"}
{"level":"warn","message":"GET /cards - Unsuccessful retrieval of card details for UID 056462c2-7295-426d-9e35-62686d01d683 belonging to the card stack of UID 056462c2-7295-426d-9e35-69686d01d683!","timestamp":"2016-03-08T21:04:44.145Z"}
{"level":"info","message":"Cloud - C:\\Users\\Akshay\\Desktop\\CPRQ\\MAJOR PROJECT\\cardstax-node-server\\app\\interfaces/../downloads/056462c2-7295-426d-9e35-69686d01d683-profile.jpeg written successfully!","timestamp":"2016-03-08T21:05:06.815Z"}
{"level":"info","message":"GET /cards - Successful retrieval of profile picture for main UID 056462c2-7295-426d-9e35-69686d01d683!","timestamp":"2016-03-08T21:05:06.817Z"}
{"level":"info","message":"Cloud - C:\\Users\\Akshay\\Desktop\\CPRQ\\MAJOR PROJECT\\cardstax-node-server\\app\\interfaces/../downloads/056462c2-7295-426d-9e35-69686d01d683-company.jpeg written successfully!","timestamp":"2016-03-08T21:05:08.812Z"}
{"level":"info","message":"GET /cards - Successful retrieval of company logo for main UID 056462c2-7295-426d-9e35-69686d01d683!","timestamp":"2016-03-08T21:05:08.813Z"}
